<?xml version="1.0" encoding="UTF-8"?>
<!-- Generated by org.testng.reporters.JUnitReportReporter -->
<testsuite hostname="LAPTOP-FN0IP21R" failures="0" tests="4" name="com.next.qa.testcases.HomePageTest" time="14.287" errors="0" timestamp="2021-06-15T17:09:29 BST" skipped="3">
  <testcase classname="com.next.qa.testcases.HomePageTest" name="searchboxTest" time="14.287"/>
  <system-out/>
  <testcase classname="com.next.qa.testcases.HomePageTest" name="MyAccountLinkClickTest">
    <skipped/>
  </testcase> <!-- MyAccountLinkClickTest -->
  <system-out/>
  <testcase classname="com.next.qa.testcases.HomePageTest" name="Logotest">
    <skipped/>
  </testcase> <!-- Logotest -->
  <system-out/>
  <testcase classname="com.next.qa.testcases.HomePageTest" name="WomenmousehoverTest">
    <skipped/>
  </testcase> <!-- WomenmousehoverTest -->
  <system-out/>
</testsuite> <!-- com.next.qa.testcases.HomePageTest -->
