<?xml version="1.0" encoding="UTF-8"?>
<!-- Generated by org.testng.reporters.JUnitReportReporter -->
<testsuite hostname="LAPTOP-FN0IP21R" failures="0" tests="2" name="com.next.qa.testcases.LoginPageTest" time="36.231" errors="0" timestamp="2021-06-15T16:34:11 BST" skipped="0">
  <testcase classname="com.next.qa.testcases.LoginPageTest" name="RegisternowclickTest" time="21.711"/>
  <system-out/>
  <testcase classname="com.next.qa.testcases.LoginPageTest" name="loginTest" time="14.520"/>
  <system-out/>
</testsuite> <!-- com.next.qa.testcases.LoginPageTest -->
