<?xml version="1.0" encoding="UTF-8"?>
<!-- Generated by org.testng.reporters.JUnitReportReporter -->
<testsuite hostname="LAPTOP-FN0IP21R" failures="0" tests="4" name="com.next.qa.testcases.HomePageTest" time="71.508" errors="0" timestamp="2021-06-16T15:53:14 BST" skipped="0">
  <testcase classname="com.next.qa.testcases.HomePageTest" name="MyAccountLinkClickTest" time="15.013"/>
  <system-out/>
  <testcase classname="com.next.qa.testcases.HomePageTest" name="WomenmousehoverTest" time="12.342"/>
  <system-out/>
  <testcase classname="com.next.qa.testcases.HomePageTest" name="searchboxTest" time="24.086"/>
  <system-out/>
  <testcase classname="com.next.qa.testcases.HomePageTest" name="Logotest" time="20.067"/>
  <system-out/>
</testsuite> <!-- com.next.qa.testcases.HomePageTest -->
