<?xml version="1.0" encoding="UTF-8"?>
<!-- Generated by org.testng.reporters.JUnitReportReporter -->
<testsuite hostname="LAPTOP-FN0IP21R" failures="0" tests="2" name="com.next.qa.testcases.LoginPageTest" time="58.092" errors="0" timestamp="2021-06-16T15:53:14 BST" skipped="0">
  <testcase classname="com.next.qa.testcases.LoginPageTest" name="RegisternowclickTest" time="25.934"/>
  <system-out/>
  <testcase classname="com.next.qa.testcases.LoginPageTest" name="loginTest" time="32.158"/>
  <system-out/>
</testsuite> <!-- com.next.qa.testcases.LoginPageTest -->
